<?xml version="1.0" encoding="UTF-8"?>
<!-- Generated by org.testng.reporters.JUnitReportReporter -->
<testsuite hostname="DESKTOP-0512F4S" failures="0" tests="1" name="apiAssignment.ApiAssignment" time="3.959" errors="0" timestamp="2025-07-25T11:28:58 IST" skipped="0">
  <testcase classname="apiAssignment.ApiAssignment" name="getTest" time="3.959"/>
</testsuite> <!-- apiAssignment.ApiAssignment -->
